ID: "MLA917485457" - Title: "Monitor Dell E Series E2220h Led 21.5   Negro 100v/240v"- Category: "MLA14407" - Name:"Monitores" Precio: $20999 Cantidad Disponible: 1254 Fecha Creado: 2018-04-25T08:12:56.000Z
ID: "MLA918321811" - Title: "Monitor Dell E E2720h Led 27   Negro 100v/240v"- Category: "MLA14407" - Name:"Monitores" Precio: $36999 Cantidad Disponible: 474 Fecha Creado: 2018-04-25T08:12:56.000Z
ID: "MLA884736096" - Title: "Router Cisco Rv Series Rv340 Negro 100v/240v"- Category: "MLA430901" - Name:"Routers" Precio: $37999 Cantidad Disponible: 6 Fecha Creado: 2018-04-25T08:12:56.000Z
ID: "MLA919422304" - Title: "Access Point, Router Linksys Mr8300 Negro 100v/240v"- Category: "MLA430901" - Name:"Routers" Precio: $36399 Cantidad Disponible: 2 Fecha Creado: 2018-04-25T08:12:56.000Z
ID: "MLA874472550" - Title: "Router Linksys Ea-series Ea6100 Negro 100v/240v"- Category: "MLA430901" - Name:"Routers" Precio: $10929 Cantidad Disponible: 1 Fecha Creado: 2018-04-25T08:12:56.000Z
ID: "MLA923372796" - Title: "Monitor Dell E E2420h Led 24   Negro 100v/240v"- Category: "MLA14407" - Name:"Monitores" Precio: $25019 Cantidad Disponible: 740 Fecha Creado: 2018-04-25T08:12:56.000Z
ID: "MLA915051639" - Title: "Notebook Dell Latitude 3510 Gris 15.6 , Intel Core I7 10510u  16gb De Ram 1tb Hdd 256gb Ssd, Nvidia Gefroce Mx230 1920x1080px Windows 10 Pro"- Category: "MLA1652" - Name:"Notebooks" Precio: $203799 Cantidad Disponible: 27 Fecha Creado: 2018-04-25T08:12:56.000Z
ID: "MLA884735636" - Title: "Router Cisco Rv Series Rv345 Negro 100v/240v"- Category: "MLA430901" - Name:"Routers" Precio: $56999 Cantidad Disponible: 2 Fecha Creado: 2018-04-25T08:12:56.000Z
ID: "MLA917517155" - Title: "Switch Cisco Sg110d-08 Serie 110"- Category: "MLA1708" - Name:"Switches" Precio: $9220.59 Cantidad Disponible: 220 Fecha Creado: 2018-04-25T08:12:56.000Z
ID: "MLA925179224" - Title: "Apc Easy Ups Bv1000i-ar 1000va Entrada Y Salida De 230v Negro"- Category: "MLA1720" - Name:"UPS" Precio: $18699 Cantidad Disponible: 9 Fecha Creado: 2018-04-25T08:12:56.000Z
ID: "MLA927887762" - Title: "Monitor Gamer Dell Professional P2719h Led 27   Negro 100v/240v"- Category: "MLA14407" - Name:"Monitores" Precio: $50600 Cantidad Disponible: 30 Fecha Creado: 2018-04-25T08:12:56.000Z
ID: "MLA928606511" - Title: "Apc Back-ups Br900g-ar 900va Entrada Y Salida De 230v Negro"- Category: "MLA1720" - Name:"UPS" Precio: $32499 Cantidad Disponible: 16 Fecha Creado: 2018-04-25T08:12:56.000Z
ID: "MLA863267784" - Title: "Monitor Gamer Dell Professional P2018h Led 20   Negro 100v/240v"- Category: "MLA14407" - Name:"Monitores" Precio: $31999 Cantidad Disponible: 229 Fecha Creado: 2018-04-25T08:12:56.000Z
ID: "MLA884735834" - Title: "Repetidor Linksys Re6500 Negro"- Category: "MLA430901" - Name:"Routers" Precio: $12999 Cantidad Disponible: 31 Fecha Creado: 2018-04-25T08:12:56.000Z
ID: "MLA915052218" - Title: "Notebook Dell Latitude 3510 Gris 15.6 , Intel Core I7 10510u  8gb De Ram 256gb Ssd, Nvidia Geforce Mx230 1920x1080px Windows 10 Pro"- Category: "MLA1652" - Name:"Notebooks" Precio: $188199 Cantidad Disponible: 32 Fecha Creado: 2018-04-25T08:12:56.000Z
ID: "MLA927177803" - Title: "Apc Back-ups Bx550ci-ar 550va Entrada Y Salida De 230v Negro"- Category: "MLA1720" - Name:"UPS" Precio: $17299 Cantidad Disponible: 1 Fecha Creado: 2018-04-25T08:12:56.000Z
ID: "MLA926280125" - Title: "Apc Easy Ups Bv500i-ar 500va Entrada Y Salida De 230v Negro"- Category: "MLA1720" - Name:"UPS" Precio: $12999 Cantidad Disponible: 58 Fecha Creado: 2018-04-25T08:12:56.000Z
ID: "MLA927759938" - Title: "Notebook Dell Latitude 3510 Gris 15.6 , Intel Core I5 10210u  8gb De Ram 1tb Hdd, Intel Hd Graphics 620 1366x768px Windows 10 Pro"- Category: "MLA1652" - Name:"Notebooks" Precio: $140999 Cantidad Disponible: 25 Fecha Creado: 2018-04-25T08:12:56.000Z
ID: "MLA914900871" - Title: "Notebook Dell Vostro 3490 Negra 14 , Intel Core I5 10210u  12gb De Ram 1tb Hdd, Intel Hd Graphics 60 Hz 1366x768px Windows 10 Pro"- Category: "MLA1652" - Name:"Notebooks" Precio: $133999 Cantidad Disponible: 1 Fecha Creado: 2018-04-25T08:12:56.000Z
ID: "MLA912269713" - Title: "Apc Back-ups Pro 1200 Br1200g-ar 1200va Entrada Y Salida De 230v Negro"- Category: "MLA1720" - Name:"UPS" Precio: $40999 Cantidad Disponible: 15 Fecha Creado: 2018-04-25T08:12:56.000Z
ID: "MLA918820148" - Title: "Router Linksys Lrt214 Negro Y Azul"- Category: "MLA430901" - Name:"Routers" Precio: $25126.9 Cantidad Disponible: 3 Fecha Creado: 2018-04-25T08:12:56.000Z
ID: "MLA927415191" - Title: "Switch Cisco Sf350-24p Serie 350"- Category: "MLA1708" - Name:"Switches" Precio: $73699 Cantidad Disponible: 1 Fecha Creado: 2018-04-25T08:12:56.000Z
ID: "MLA917516307" - Title: "Apc Smart-ups Srt Srt5kxli 5000va Entrada Y Salida De 230v Negro"- Category: "MLA1720" - Name:"UPS" Precio: $438844.1 Cantidad Disponible: 6 Fecha Creado: 2018-04-25T08:12:56.000Z
ID: "MLA923612111" - Title: "Switch Cisco Sg110-24 Small Business Serie 110"- Category: "MLA1708" - Name:"Switches" Precio: $28699 Cantidad Disponible: 44 Fecha Creado: 2018-04-25T08:12:56.000Z
ID: "MLA917515758" - Title: "Apc Easy Ups Srv6ki 6000va Entrada Y Salida De 230v Negro"- Category: "MLA1720" - Name:"UPS" Precio: $293952.22 Cantidad Disponible: 5 Fecha Creado: 2018-04-25T08:12:56.000Z
ID: "MLA914633882" - Title: "Access Point Interior Cisco 100 Series Wap150 Blanco"- Category: "MLA430901" - Name:"Routers" Precio: $24119.74 Cantidad Disponible: 6 Fecha Creado: 2018-04-25T08:12:56.000Z
ID: "MLA926291038" - Title: "Apc Easy Ups Srv3000 Srv3ki-ar 3000va Entrada Y Salida De 220v/240v Negro"- Category: "MLA1720" - Name:"UPS" Precio: $115999 Cantidad Disponible: 12 Fecha Creado: 2018-04-25T08:12:56.000Z
ID: "MLA927178600" - Title: "Apc Back-ups Bx800ci-ar 800va Entrada Y Salida De 230v Negro"- Category: "MLA1720" - Name:"UPS" Precio: $27499 Cantidad Disponible: 4 Fecha Creado: 2018-04-25T08:12:56.000Z
ID: "MLA927409466" - Title: "Switch Cisco Sf110-24 Serie 110"- Category: "MLA1708" - Name:"Switches" Precio: $13299 Cantidad Disponible: 4 Fecha Creado: 2018-04-25T08:12:56.000Z
ID: "MLA927413664" - Title: "Switch Cisco Sf220-24 Small Business Serie 220"- Category: "MLA1708" - Name:"Switches" Precio: $30999 Cantidad Disponible: 8 Fecha Creado: 2018-04-25T08:12:56.000Z
ID: "MLA927413671" - Title: "Switch Cisco Sg110-24hp Serie 110"- Category: "MLA1708" - Name:"Switches" Precio: $46399 Cantidad Disponible: 7 Fecha Creado: 2018-04-25T08:12:56.000Z
ID: "MLA927414264" - Title: "Switch Cisco Sg350-28 Serie 350"- Category: "MLA1708" - Name:"Switches" Precio: $101199 Cantidad Disponible: 7 Fecha Creado: 2018-04-25T08:12:56.000Z
ID: "MLA927414271" - Title: "Switch Cisco Sf220-24p Serie 220"- Category: "MLA1708" - Name:"Switches" Precio: $60299 Cantidad Disponible: 14 Fecha Creado: 2018-04-25T08:12:56.000Z
ID: "MLA927412264" - Title: "Switch Cisco Sg350-52 Sg Serie 350"- Category: "MLA1708" - Name:"Switches" Precio: $176699 Cantidad Disponible: 4 Fecha Creado: 2018-04-25T08:12:56.000Z
ID: "MLA928736315" - Title: "Apc Back-ups Br550g-ar 550va Entrada Y Salida De 230v Negro"- Category: "MLA1720" - Name:"UPS" Precio: $27499 Cantidad Disponible: 34 Fecha Creado: 2018-04-25T08:12:56.000Z
ID: "MLA929442707" - Title: "Switch Cisco Sg110-16 Small Business Serie 110"- Category: "MLA1708" - Name:"Switches" Precio: $25199 Cantidad Disponible: 15 Fecha Creado: 2018-04-25T08:12:56.000Z
ID: "MLA914895665" - Title: "Notebook Dell Vostro 3490 Negra 14 , Intel Core I5 10210u  4gb De Ram 1tb Hdd, Intel Hd Graphics 60 Hz 1366x768px Windows 10 Pro"- Category: "MLA1652" - Name:"Notebooks" Precio: $126999 Cantidad Disponible: 5 Fecha Creado: 2018-04-25T08:12:56.000Z
ID: "MLA917518416" - Title: "Switch Cisco Sg220-26p Small Business Serie 220"- Category: "MLA1708" - Name:"Switches" Precio: $59942.87 Cantidad Disponible: 61 Fecha Creado: 2018-04-25T08:12:56.000Z
ID: "MLA928466352" - Title: "Notebook Dell Latitude 3510 Gris 15.6 , Intel Core I5 10210u  4gb De Ram 1tb Hdd, Intel Uhd Graphics 620 1920x1080px Windows 10 Pro"- Category: "MLA1652" - Name:"Notebooks" Precio: $137999 Cantidad Disponible: 25 Fecha Creado: 2018-04-25T08:12:56.000Z
ID: "MLA924366761" - Title: "Apc Back-ups Pro 1500 Br1500g-ar 1500va Entrada Y Salida De 230v Negro"- Category: "MLA1720" - Name:"UPS" Precio: $73699 Cantidad Disponible: 16 Fecha Creado: 2018-04-25T08:12:56.000Z
ID: "MLA927411889" - Title: "Switch Cisco Sg112-24 Serie 110"- Category: "MLA1708" - Name:"Switches" Precio: $34759 Cantidad Disponible: 13 Fecha Creado: 2018-04-25T08:12:56.000Z
ID: "MLA917517444" - Title: "Switch Cisco Sg250-50p Serie 250"- Category: "MLA1708" - Name:"Switches" Precio: $230599 Cantidad Disponible: 5 Fecha Creado: 2018-04-25T08:12:56.000Z
ID: "MLA685442693" - Title: "Switch Cisco 24 Puertos Gigabit Rack 10/100/1000"- Category: "MLA1708" - Name:"Switches" Precio: $46199 Cantidad Disponible: 1 Fecha Creado: 2018-04-25T08:12:56.000Z
ID: "MLA919297554" - Title: "Notebook Dell Vostro 3401 I3 16gb 1tb + 240ssd Win 10 Home"- Category: "MLA1652" - Name:"Notebooks" Precio: $106999 Cantidad Disponible: 1 Fecha Creado: 2018-04-25T08:12:56.000Z
ID: "MLA685428555" - Title: "Switch Cisco 16 Puertos Port 10/100/1000 Rack (ex Sg100-16) Para Hogar Y Empresa - Garantia Oficial - Factura A Y B"- Category: "MLA1708" - Name:"Switches" Precio: $16268.45 Cantidad Disponible: 1 Fecha Creado: 2018-04-25T08:12:56.000Z
ID: "MLA614270244" - Title: "Ups Apc 1000va Para Pc Gamer Simil Bx1100 Bv1000i-ar Estabilizador Y Protector De Tension Gtia Oficial 2 Años"- Category: "MLA1720" - Name:"UPS" Precio: $19298 Cantidad Disponible: 50 Fecha Creado: 2018-04-25T08:12:56.000Z
ID: "MLA723894918" - Title: "Router 16 Puertos Cisco Rv345-k9 Dual Wan Giga Vpn 16p Rv345"- Category: "MLA430901" - Name:"Routers" Precio: $56999 Cantidad Disponible: 1 Fecha Creado: 2018-04-25T08:12:56.000Z
ID: "MLA683834424" - Title: "Router Cisco Rv160w Wireless Ac Vpn Dualband Usb Oferta"- Category: "MLA430901" - Name:"Routers" Precio: $25016.25 Cantidad Disponible: 1 Fecha Creado: 2018-04-25T08:12:56.000Z
ID: "MLA865474175" - Title: "Router Wifi Linksys Ea6100 Dualband Control Parental"- Category: "MLA430901" - Name:"Routers" Precio: $10929 Cantidad Disponible: 1 Fecha Creado: 2018-04-25T08:12:56.000Z
ID: "MLA723894205" - Title: "Router Cisco Dual Wan Vpn Firewall Rv340-k9 Oferta Gtia Oficial - Factura A Y B"- Category: "MLA430901" - Name:"Routers" Precio: $37999 Cantidad Disponible: 1 Fecha Creado: 2018-04-25T08:12:56.000Z
ID: "MLA917485457" - Title: "Monitor Dell E Series E2220h Led 21.5   Negro 100v/240v"- Category: "MLA14407" - Name:"Monitores" Precio: $20999 - Cantidad Disponible: 1254 - Fecha Creado: 2018-04-25T08:12:56.000Z
ID: "MLA918321811" - Title: "Monitor Dell E E2720h Led 27   Negro 100v/240v"- Category: "MLA14407" - Name:"Monitores" Precio: $36999 - Cantidad Disponible: 474 - Fecha Creado: 2018-04-25T08:12:56.000Z
ID: "MLA884736096" - Title: "Router Cisco Rv Series Rv340 Negro 100v/240v"- Category: "MLA430901" - Name:"Routers" Precio: $37999 - Cantidad Disponible: 6 - Fecha Creado: 2018-04-25T08:12:56.000Z
ID: "MLA919422304" - Title: "Access Point, Router Linksys Mr8300 Negro 100v/240v"- Category: "MLA430901" - Name:"Routers" Precio: $36399 - Cantidad Disponible: 2 - Fecha Creado: 2018-04-25T08:12:56.000Z
ID: "MLA874472550" - Title: "Router Linksys Ea-series Ea6100 Negro 100v/240v"- Category: "MLA430901" - Name:"Routers" Precio: $10929 - Cantidad Disponible: 1 - Fecha Creado: 2018-04-25T08:12:56.000Z
ID: "MLA923372796" - Title: "Monitor Dell E E2420h Led 24   Negro 100v/240v"- Category: "MLA14407" - Name:"Monitores" Precio: $25019 - Cantidad Disponible: 740 - Fecha Creado: 2018-04-25T08:12:56.000Z
ID: "MLA915051639" - Title: "Notebook Dell Latitude 3510 Gris 15.6 , Intel Core I7 10510u  16gb De Ram 1tb Hdd 256gb Ssd, Nvidia Gefroce Mx230 1920x1080px Windows 10 Pro"- Category: "MLA1652" - Name:"Notebooks" Precio: $203799 - Cantidad Disponible: 27 - Fecha Creado: 2018-04-25T08:12:56.000Z
ID: "MLA884735636" - Title: "Router Cisco Rv Series Rv345 Negro 100v/240v"- Category: "MLA430901" - Name:"Routers" Precio: $56999 - Cantidad Disponible: 2 - Fecha Creado: 2018-04-25T08:12:56.000Z
ID: "MLA917517155" - Title: "Switch Cisco Sg110d-08 Serie 110"- Category: "MLA1708" - Name:"Switches" Precio: $9220.59 - Cantidad Disponible: 220 - Fecha Creado: 2018-04-25T08:12:56.000Z
ID: "MLA925179224" - Title: "Apc Easy Ups Bv1000i-ar 1000va Entrada Y Salida De 230v Negro"- Category: "MLA1720" - Name:"UPS" Precio: $18699 - Cantidad Disponible: 9 - Fecha Creado: 2018-04-25T08:12:56.000Z
ID: "MLA927887762" - Title: "Monitor Gamer Dell Professional P2719h Led 27   Negro 100v/240v"- Category: "MLA14407" - Name:"Monitores" Precio: $50600 - Cantidad Disponible: 30 - Fecha Creado: 2018-04-25T08:12:56.000Z
ID: "MLA928606511" - Title: "Apc Back-ups Br900g-ar 900va Entrada Y Salida De 230v Negro"- Category: "MLA1720" - Name:"UPS" Precio: $32499 - Cantidad Disponible: 16 - Fecha Creado: 2018-04-25T08:12:56.000Z
ID: "MLA863267784" - Title: "Monitor Gamer Dell Professional P2018h Led 20   Negro 100v/240v"- Category: "MLA14407" - Name:"Monitores" Precio: $31999 - Cantidad Disponible: 229 - Fecha Creado: 2018-04-25T08:12:56.000Z
ID: "MLA884735834" - Title: "Repetidor Linksys Re6500 Negro"- Category: "MLA430901" - Name:"Routers" Precio: $12999 - Cantidad Disponible: 31 - Fecha Creado: 2018-04-25T08:12:56.000Z
ID: "MLA915052218" - Title: "Notebook Dell Latitude 3510 Gris 15.6 , Intel Core I7 10510u  8gb De Ram 256gb Ssd, Nvidia Geforce Mx230 1920x1080px Windows 10 Pro"- Category: "MLA1652" - Name:"Notebooks" Precio: $188199 - Cantidad Disponible: 32 - Fecha Creado: 2018-04-25T08:12:56.000Z
ID: "MLA927177803" - Title: "Apc Back-ups Bx550ci-ar 550va Entrada Y Salida De 230v Negro"- Category: "MLA1720" - Name:"UPS" Precio: $17299 - Cantidad Disponible: 1 - Fecha Creado: 2018-04-25T08:12:56.000Z
ID: "MLA926280125" - Title: "Apc Easy Ups Bv500i-ar 500va Entrada Y Salida De 230v Negro"- Category: "MLA1720" - Name:"UPS" Precio: $12999 - Cantidad Disponible: 58 - Fecha Creado: 2018-04-25T08:12:56.000Z
ID: "MLA927759938" - Title: "Notebook Dell Latitude 3510 Gris 15.6 , Intel Core I5 10210u  8gb De Ram 1tb Hdd, Intel Hd Graphics 620 1366x768px Windows 10 Pro"- Category: "MLA1652" - Name:"Notebooks" Precio: $140999 - Cantidad Disponible: 25 - Fecha Creado: 2018-04-25T08:12:56.000Z
ID: "MLA914900871" - Title: "Notebook Dell Vostro 3490 Negra 14 , Intel Core I5 10210u  12gb De Ram 1tb Hdd, Intel Hd Graphics 60 Hz 1366x768px Windows 10 Pro"- Category: "MLA1652" - Name:"Notebooks" Precio: $133999 - Cantidad Disponible: 1 - Fecha Creado: 2018-04-25T08:12:56.000Z
ID: "MLA912269713" - Title: "Apc Back-ups Pro 1200 Br1200g-ar 1200va Entrada Y Salida De 230v Negro"- Category: "MLA1720" - Name:"UPS" Precio: $40999 - Cantidad Disponible: 15 - Fecha Creado: 2018-04-25T08:12:56.000Z
ID: "MLA918820148" - Title: "Router Linksys Lrt214 Negro Y Azul"- Category: "MLA430901" - Name:"Routers" Precio: $25126.9 - Cantidad Disponible: 3 - Fecha Creado: 2018-04-25T08:12:56.000Z
ID: "MLA927415191" - Title: "Switch Cisco Sf350-24p Serie 350"- Category: "MLA1708" - Name:"Switches" Precio: $73699 - Cantidad Disponible: 1 - Fecha Creado: 2018-04-25T08:12:56.000Z
ID: "MLA917516307" - Title: "Apc Smart-ups Srt Srt5kxli 5000va Entrada Y Salida De 230v Negro"- Category: "MLA1720" - Name:"UPS" Precio: $438844.1 - Cantidad Disponible: 6 - Fecha Creado: 2018-04-25T08:12:56.000Z
ID: "MLA923612111" - Title: "Switch Cisco Sg110-24 Small Business Serie 110"- Category: "MLA1708" - Name:"Switches" Precio: $28699 - Cantidad Disponible: 44 - Fecha Creado: 2018-04-25T08:12:56.000Z
ID: "MLA917515758" - Title: "Apc Easy Ups Srv6ki 6000va Entrada Y Salida De 230v Negro"- Category: "MLA1720" - Name:"UPS" Precio: $293952.22 - Cantidad Disponible: 5 - Fecha Creado: 2018-04-25T08:12:56.000Z
ID: "MLA914633882" - Title: "Access Point Interior Cisco 100 Series Wap150 Blanco"- Category: "MLA430901" - Name:"Routers" Precio: $24119.74 - Cantidad Disponible: 6 - Fecha Creado: 2018-04-25T08:12:56.000Z
ID: "MLA926291038" - Title: "Apc Easy Ups Srv3000 Srv3ki-ar 3000va Entrada Y Salida De 220v/240v Negro"- Category: "MLA1720" - Name:"UPS" Precio: $115999 - Cantidad Disponible: 12 - Fecha Creado: 2018-04-25T08:12:56.000Z
ID: "MLA927178600" - Title: "Apc Back-ups Bx800ci-ar 800va Entrada Y Salida De 230v Negro"- Category: "MLA1720" - Name:"UPS" Precio: $27499 - Cantidad Disponible: 4 - Fecha Creado: 2018-04-25T08:12:56.000Z
ID: "MLA927409466" - Title: "Switch Cisco Sf110-24 Serie 110"- Category: "MLA1708" - Name:"Switches" Precio: $13299 - Cantidad Disponible: 4 - Fecha Creado: 2018-04-25T08:12:56.000Z
ID: "MLA927413664" - Title: "Switch Cisco Sf220-24 Small Business Serie 220"- Category: "MLA1708" - Name:"Switches" Precio: $30999 - Cantidad Disponible: 8 - Fecha Creado: 2018-04-25T08:12:56.000Z
ID: "MLA927413671" - Title: "Switch Cisco Sg110-24hp Serie 110"- Category: "MLA1708" - Name:"Switches" Precio: $46399 - Cantidad Disponible: 7 - Fecha Creado: 2018-04-25T08:12:56.000Z
ID: "MLA927414264" - Title: "Switch Cisco Sg350-28 Serie 350"- Category: "MLA1708" - Name:"Switches" Precio: $101199 - Cantidad Disponible: 7 - Fecha Creado: 2018-04-25T08:12:56.000Z
ID: "MLA927414271" - Title: "Switch Cisco Sf220-24p Serie 220"- Category: "MLA1708" - Name:"Switches" Precio: $60299 - Cantidad Disponible: 14 - Fecha Creado: 2018-04-25T08:12:56.000Z
ID: "MLA927412264" - Title: "Switch Cisco Sg350-52 Sg Serie 350"- Category: "MLA1708" - Name:"Switches" Precio: $176699 - Cantidad Disponible: 4 - Fecha Creado: 2018-04-25T08:12:56.000Z
ID: "MLA928736315" - Title: "Apc Back-ups Br550g-ar 550va Entrada Y Salida De 230v Negro"- Category: "MLA1720" - Name:"UPS" Precio: $27499 - Cantidad Disponible: 34 - Fecha Creado: 2018-04-25T08:12:56.000Z
ID: "MLA929442707" - Title: "Switch Cisco Sg110-16 Small Business Serie 110"- Category: "MLA1708" - Name:"Switches" Precio: $25199 - Cantidad Disponible: 15 - Fecha Creado: 2018-04-25T08:12:56.000Z
ID: "MLA914895665" - Title: "Notebook Dell Vostro 3490 Negra 14 , Intel Core I5 10210u  4gb De Ram 1tb Hdd, Intel Hd Graphics 60 Hz 1366x768px Windows 10 Pro"- Category: "MLA1652" - Name:"Notebooks" Precio: $126999 - Cantidad Disponible: 5 - Fecha Creado: 2018-04-25T08:12:56.000Z
ID: "MLA917518416" - Title: "Switch Cisco Sg220-26p Small Business Serie 220"- Category: "MLA1708" - Name:"Switches" Precio: $59942.87 - Cantidad Disponible: 61 - Fecha Creado: 2018-04-25T08:12:56.000Z
ID: "MLA928466352" - Title: "Notebook Dell Latitude 3510 Gris 15.6 , Intel Core I5 10210u  4gb De Ram 1tb Hdd, Intel Uhd Graphics 620 1920x1080px Windows 10 Pro"- Category: "MLA1652" - Name:"Notebooks" Precio: $137999 - Cantidad Disponible: 25 - Fecha Creado: 2018-04-25T08:12:56.000Z
ID: "MLA924366761" - Title: "Apc Back-ups Pro 1500 Br1500g-ar 1500va Entrada Y Salida De 230v Negro"- Category: "MLA1720" - Name:"UPS" Precio: $73699 - Cantidad Disponible: 16 - Fecha Creado: 2018-04-25T08:12:56.000Z
ID: "MLA927411889" - Title: "Switch Cisco Sg112-24 Serie 110"- Category: "MLA1708" - Name:"Switches" Precio: $34759 - Cantidad Disponible: 13 - Fecha Creado: 2018-04-25T08:12:56.000Z
ID: "MLA917517444" - Title: "Switch Cisco Sg250-50p Serie 250"- Category: "MLA1708" - Name:"Switches" Precio: $230599 - Cantidad Disponible: 5 - Fecha Creado: 2018-04-25T08:12:56.000Z
ID: "MLA685442693" - Title: "Switch Cisco 24 Puertos Gigabit Rack 10/100/1000"- Category: "MLA1708" - Name:"Switches" Precio: $46199 - Cantidad Disponible: 1 - Fecha Creado: 2018-04-25T08:12:56.000Z
ID: "MLA919297554" - Title: "Notebook Dell Vostro 3401 I3 16gb 1tb + 240ssd Win 10 Home"- Category: "MLA1652" - Name:"Notebooks" Precio: $106999 - Cantidad Disponible: 1 - Fecha Creado: 2018-04-25T08:12:56.000Z
ID: "MLA685428555" - Title: "Switch Cisco 16 Puertos Port 10/100/1000 Rack (ex Sg100-16) Para Hogar Y Empresa - Garantia Oficial - Factura A Y B"- Category: "MLA1708" - Name:"Switches" Precio: $16268.45 - Cantidad Disponible: 1 - Fecha Creado: 2018-04-25T08:12:56.000Z
ID: "MLA614270244" - Title: "Ups Apc 1000va Para Pc Gamer Simil Bx1100 Bv1000i-ar Estabilizador Y Protector De Tension Gtia Oficial 2 Años"- Category: "MLA1720" - Name:"UPS" Precio: $19298 - Cantidad Disponible: 50 - Fecha Creado: 2018-04-25T08:12:56.000Z
ID: "MLA723894918" - Title: "Router 16 Puertos Cisco Rv345-k9 Dual Wan Giga Vpn 16p Rv345"- Category: "MLA430901" - Name:"Routers" Precio: $56999 - Cantidad Disponible: 1 - Fecha Creado: 2018-04-25T08:12:56.000Z
ID: "MLA683834424" - Title: "Router Cisco Rv160w Wireless Ac Vpn Dualband Usb Oferta"- Category: "MLA430901" - Name:"Routers" Precio: $25016.25 - Cantidad Disponible: 1 - Fecha Creado: 2018-04-25T08:12:56.000Z
ID: "MLA865474175" - Title: "Router Wifi Linksys Ea6100 Dualband Control Parental"- Category: "MLA430901" - Name:"Routers" Precio: $10929 - Cantidad Disponible: 1 - Fecha Creado: 2018-04-25T08:12:56.000Z
ID: "MLA723894205" - Title: "Router Cisco Dual Wan Vpn Firewall Rv340-k9 Oferta Gtia Oficial - Factura A Y B"- Category: "MLA430901" - Name:"Routers" Precio: $37999 - Cantidad Disponible: 1 - Fecha Creado: 2018-04-25T08:12:56.000Z
